<?xml version="1.0" encoding="UTF-8"?>
<!-- Generated by org.testng.reporters.JUnitReportReporter -->
<testsuite hostname="LAPTOP-DBV4PUD5" failures="0" tests="4" name="AmazonTestNg.AmazonTesting" time="45.504" errors="0" timestamp="2024-04-27T18:55:23 IST" skipped="0">
  <testcase classname="AmazonTestNg.AmazonTesting" name="Search_item" time="13.280"/>
  <system-out/>
  <testcase classname="AmazonTestNg.AmazonTesting" name="Login_to_Amazon" time="16.884"/>
  <system-out/>
  <testcase classname="AmazonTestNg.AmazonTesting" name="verifyTitle" time="8.247"/>
  <system-out/>
  <testcase classname="AmazonTestNg.AmazonTesting" name="verifyLogo" time="7.093"/>
  <system-out/>
</testsuite> <!-- AmazonTestNg.AmazonTesting -->
